<?xml version="1.0" encoding="UTF-8"?>
<!-- Generated by org.testng.reporters.JUnitXMLReporter -->
<testsuite ignored="0" hostname="DESKTOP-LLLGMOJ" failures="1" tests="3" name="Test" time="52.147" errors="0" timestamp="2023-10-19T22:03:57 IST">
  <testcase classname="io.cucumber.testng.AbstractTestNGCucumberTests" name="runScenario" time="18.306"/>
  <testcase classname="io.cucumber.testng.AbstractTestNGCucumberTests" name="runScenario" time="6.584"/>
  <testcase classname="io.cucumber.testng.AbstractTestNGCucumberTests" name="runScenario" time="49.163">
    <failure type="java.lang.ClassCastException" message="class runner.TestRunner cannot be cast to class utilities.SeleniumUtility (runner.TestRunner and utilities.SeleniumUtility are in unnamed module of loader &amp;apos;app&amp;apos;)">
      <![CDATA[java.lang.ClassCastException: class runner.TestRunner cannot be cast to class utilities.SeleniumUtility (runner.TestRunner and utilities.SeleniumUtility are in unnamed module of loader 'app')
at utilities.Retry.extendReportsFailOperations(Retry.java:33)
at utilities.Retry.retry(Retry.java:22)
at java.base/java.util.ArrayList.forEach(ArrayList.java:1511)
... Removed 23 stack frames]]>
    </failure>
  </testcase> <!-- runScenario -->
</testsuite> <!-- Test -->
