<?xml version="1.0" encoding="UTF-8"?>
<testng-results ignored="0" total="3" passed="3" failed="0" skipped="0">
  <reporter-output>
  </reporter-output>
  <suite started-at="2023-11-25T20:59:32 IST" name="Suite" finished-at="2023-11-25T21:01:07 IST" duration-ms="95508">
    <groups>
      <group name="cucumber">
        <method signature="AbstractTestNGCucumberTests.runScenario(io.cucumber.testng.PickleWrapper,io.cucumber.testng.FeatureWrapper)[pri:0, instance:runner.TestRunner@38c6f217]" name="runScenario" class="io.cucumber.testng.AbstractTestNGCucumberTests"/>
      </group> <!-- cucumber -->
    </groups>
    <test started-at="2023-11-25T20:59:32 IST" name="Test" finished-at="2023-11-25T21:01:07 IST" duration-ms="95508">
      <class name="runner.TestRunner">
        <test-method is-config="true" signature="setUpClass()[pri:0, instance:runner.TestRunner@38c6f217]" started-at="2023-11-25T20:59:32 IST" name="setUpClass" finished-at="2023-11-25T20:59:33 IST" duration-ms="1021" status="PASS">
          <reporter-output>
          </reporter-output>
        </test-method> <!-- setUpClass -->
        <test-method signature="runScenario(io.cucumber.testng.PickleWrapper,io.cucumber.testng.FeatureWrapper)[pri:0, instance:runner.TestRunner@38c6f217]" started-at="2023-11-25T20:59:33 IST" name="runScenario" description="Runs Cucumber Scenarios" data-provider="scenarios" finished-at="2023-11-25T20:59:46 IST" duration-ms="13326" status="PASS">
          <params>
            <param index="0">
              <value>
                <![CDATA["Search Selenium 3.0 in Google search page"]]>
              </value>
            </param>
            <param index="1">
              <value>
                <![CDATA["Optional[Perform Google Search based on requirement]"]]>
              </value>
            </param>
          </params>
          <reporter-output>
          </reporter-output>
        </test-method> <!-- runScenario -->
        <test-method signature="runScenario(io.cucumber.testng.PickleWrapper,io.cucumber.testng.FeatureWrapper)[pri:0, instance:runner.TestRunner@38c6f217]" started-at="2023-11-25T20:59:46 IST" name="runScenario" description="Runs Cucumber Scenarios" data-provider="scenarios" finished-at="2023-11-25T21:00:59 IST" duration-ms="73337" status="PASS">
          <params>
            <param index="0">
              <value>
                <![CDATA["Verify PIM creation"]]>
              </value>
            </param>
            <param index="1">
              <value>
                <![CDATA["Optional[Test PIM functionality of OrangeHRM application]"]]>
              </value>
            </param>
          </params>
          <reporter-output>
          </reporter-output>
        </test-method> <!-- runScenario -->
        <test-method signature="runScenario(io.cucumber.testng.PickleWrapper,io.cucumber.testng.FeatureWrapper)[pri:0, instance:runner.TestRunner@38c6f217]" started-at="2023-11-25T21:00:59 IST" name="runScenario" description="Runs Cucumber Scenarios" data-provider="scenarios" finished-at="2023-11-25T21:01:04 IST" duration-ms="4527" status="PASS">
          <params>
            <param index="0">
              <value>
                <![CDATA["verify add to cart functionality"]]>
              </value>
            </param>
            <param index="1">
              <value>
                <![CDATA["Optional[This feature is create to test order placement functionality]"]]>
              </value>
            </param>
          </params>
          <reporter-output>
          </reporter-output>
        </test-method> <!-- runScenario -->
        <test-method is-config="true" signature="tearDownClass()[pri:0, instance:runner.TestRunner@38c6f217]" started-at="2023-11-25T21:01:04 IST" name="tearDownClass" finished-at="2023-11-25T21:01:07 IST" duration-ms="3190" status="PASS">
          <reporter-output>
          </reporter-output>
        </test-method> <!-- tearDownClass -->
      </class> <!-- runner.TestRunner -->
    </test> <!-- Test -->
  </suite> <!-- Suite -->
</testng-results>
