<?xml version="1.0" encoding="UTF-8"?>
<testng-results ignored="0" total="3" passed="3" failed="0" skipped="0">
  <reporter-output>
  </reporter-output>
  <suite started-at="2023-11-11T19:55:46 IST" name="Default suite" finished-at="2023-11-11T19:56:32 IST" duration-ms="45259">
    <groups>
      <group name="cucumber">
        <method signature="AbstractTestNGCucumberTests.runScenario(io.cucumber.testng.PickleWrapper,io.cucumber.testng.FeatureWrapper)[pri:0, instance:runner.TestRunner@dd8ba08]" name="runScenario" class="io.cucumber.testng.AbstractTestNGCucumberTests"/>
      </group> <!-- cucumber -->
    </groups>
    <test started-at="2023-11-11T19:55:46 IST" name="Default test" finished-at="2023-11-11T19:56:32 IST" duration-ms="45259">
      <class name="runner.TestRunner">
        <test-method is-config="true" signature="setUpClass()[pri:0, instance:runner.TestRunner@dd8ba08]" started-at="2023-11-11T19:55:47 IST" name="setUpClass" finished-at="2023-11-11T19:55:48 IST" duration-ms="1179" status="PASS">
          <reporter-output>
          </reporter-output>
        </test-method> <!-- setUpClass -->
        <test-method signature="runScenario(io.cucumber.testng.PickleWrapper,io.cucumber.testng.FeatureWrapper)[pri:0, instance:runner.TestRunner@dd8ba08]" started-at="2023-11-11T19:55:48 IST" name="runScenario" description="Runs Cucumber Scenarios" data-provider="scenarios" finished-at="2023-11-11T19:55:59 IST" duration-ms="11452" status="PASS">
          <params>
            <param index="0">
              <value>
                <![CDATA["Search Selenium 3.0 in Google search page"]]>
              </value>
            </param>
            <param index="1">
              <value>
                <![CDATA["Optional[Perform Google Search based on requirement]"]]>
              </value>
            </param>
          </params>
          <reporter-output>
          </reporter-output>
        </test-method> <!-- runScenario -->
        <test-method signature="runScenario(io.cucumber.testng.PickleWrapper,io.cucumber.testng.FeatureWrapper)[pri:0, instance:runner.TestRunner@dd8ba08]" started-at="2023-11-11T19:55:59 IST" name="runScenario" description="Runs Cucumber Scenarios" data-provider="scenarios" finished-at="2023-11-11T19:56:25 IST" duration-ms="26231" status="PASS">
          <params>
            <param index="0">
              <value>
                <![CDATA["Verify PIM creation"]]>
              </value>
            </param>
            <param index="1">
              <value>
                <![CDATA["Optional[Test PIM functionality of OrangeHRM application]"]]>
              </value>
            </param>
          </params>
          <reporter-output>
          </reporter-output>
        </test-method> <!-- runScenario -->
        <test-method signature="runScenario(io.cucumber.testng.PickleWrapper,io.cucumber.testng.FeatureWrapper)[pri:0, instance:runner.TestRunner@dd8ba08]" started-at="2023-11-11T19:56:25 IST" name="runScenario" description="Runs Cucumber Scenarios" data-provider="scenarios" finished-at="2023-11-11T19:56:29 IST" duration-ms="3982" status="PASS">
          <params>
            <param index="0">
              <value>
                <![CDATA["verify add to cart functionality"]]>
              </value>
            </param>
            <param index="1">
              <value>
                <![CDATA["Optional[This feature is create to test order placement functionality]"]]>
              </value>
            </param>
          </params>
          <reporter-output>
          </reporter-output>
        </test-method> <!-- runScenario -->
        <test-method is-config="true" signature="tearDownClass()[pri:0, instance:runner.TestRunner@dd8ba08]" started-at="2023-11-11T19:56:29 IST" name="tearDownClass" finished-at="2023-11-11T19:56:32 IST" duration-ms="2345" status="PASS">
          <reporter-output>
          </reporter-output>
        </test-method> <!-- tearDownClass -->
      </class> <!-- runner.TestRunner -->
    </test> <!-- Default test -->
  </suite> <!-- Default suite -->
</testng-results>
