<?xml version="1.0" encoding="UTF-8"?>
<testng-results ignored="0" total="2" passed="2" failed="0" skipped="0">
  <reporter-output>
  </reporter-output>
  <suite started-at="2023-11-10T19:35:41 IST" name="Suite" finished-at="2023-11-10T19:36:08 IST" duration-ms="27375">
    <groups>
    </groups>
    <test started-at="2023-11-10T19:35:41 IST" name="Test" finished-at="2023-11-10T19:36:08 IST" duration-ms="27375">
      <class name="testscripts.OrangeHrmLoginLogout">
        <test-method is-config="true" signature="preCondition()[pri:0, instance:testscripts.OrangeHrmLoginLogout@ec756bd]" started-at="2023-11-10T19:35:41 IST" name="preCondition" finished-at="2023-11-10T19:36:03 IST" duration-ms="21688" status="PASS">
          <reporter-output>
          </reporter-output>
        </test-method> <!-- preCondition -->
        <test-method signature="testLoginPage()[pri:1, instance:testscripts.OrangeHrmLoginLogout@ec756bd]" started-at="2023-11-10T19:36:03 IST" name="testLoginPage" finished-at="2023-11-10T19:36:03 IST" duration-ms="27" status="PASS">
          <reporter-output>
          </reporter-output>
        </test-method> <!-- testLoginPage -->
        <test-method signature="testLogout()[pri:2, instance:testscripts.OrangeHrmLoginLogout@ec756bd]" started-at="2023-11-10T19:36:03 IST" name="testLogout" finished-at="2023-11-10T19:36:08 IST" duration-ms="5249" status="PASS">
          <reporter-output>
          </reporter-output>
        </test-method> <!-- testLogout -->
        <test-method is-config="true" signature="postCondition()[pri:0, instance:testscripts.OrangeHrmLoginLogout@ec756bd]" started-at="2023-11-10T19:36:08 IST" name="postCondition" finished-at="2023-11-10T19:36:08 IST" duration-ms="344" status="PASS">
          <reporter-output>
          </reporter-output>
        </test-method> <!-- postCondition -->
      </class> <!-- testscripts.OrangeHrmLoginLogout -->
    </test> <!-- Test -->
  </suite> <!-- Suite -->
</testng-results>
